<?xml version="1.0" encoding="UTF-8"?>
<!-- Generated by org.testng.reporters.JUnitReportReporter -->
<testsuite hostname="DESKTOP-64V490S" failures="0" tests="1" name="com.qa.testScripts.ValidatingResponce" time="2.925" errors="0" timestamp="2023-05-25T17:46:15 IST" skipped="0">
  <testcase classname="com.qa.testScripts.ValidatingResponce" name="testResponceBody" time="2.925"/>
  <system-out/>
</testsuite> <!-- com.qa.testScripts.ValidatingResponce -->
